/apps/jdk
Buildfile: build.xml

prepare:

test:

call_package_ant:
     [echo] Executing JUnit target: test

test:
     [echo] Executing tamfits target: test

test:
     [echo] Executing axis target: test

test:
     [echo] Executing Jetty target: test

test:
     [echo] Executing UTIL target: test

prepare:

check_packages:

build:

compile-tests:
    [mkdir] Created dir: /apps/cvsbuild/java/source/util/build/testcases
    [javac] Compiling 14 source files to /apps/cvsbuild/java/source/util/build/testcases

run-tests:
    [junit] Testsuite: uk.ac.starlink.util.DOMUtilsTest
    [junit] Tests run: 4, Failures: 0, Errors: 0, Time elapsed: 0.361 sec

    [junit] Testcase: testGetChildElementByName took 0.128 sec
    [junit] Testcase: testGetTextContent took 0.028 sec
    [junit] Testcase: testNewDocument took 0.018 sec
    [junit] Testcase: testRelativizeDOM took 0.18 sec
    [junit] Testsuite: uk.ac.starlink.util.DataSourceTest
    [junit] Tests run: 6, Failures: 0, Errors: 0, Time elapsed: 3.738 sec

    [junit] Testcase: testData took 0.641 sec
    [junit] Testcase: testIntro took 0.909 sec
    [junit] Testcase: testStream took 0.707 sec
    [junit] Testcase: testHybridStream took 0.476 sec
    [junit] Testcase: testCombo1 took 0.89 sec
    [junit] Testcase: testResourceStream took 0.111 sec
    [junit] Testsuite: uk.ac.starlink.util.IOUtilsTest
    [junit] Tests run: 2, Failures: 0, Errors: 0, Time elapsed: 0.022 sec

    [junit] Testcase: testDataInput took 0.008 sec
    [junit] Testcase: testInputStream took 0.01 sec
    [junit] Testsuite: uk.ac.starlink.util.LoaderTest
    [junit] Tests run: 2, Failures: 0, Errors: 0, Time elapsed: 0.641 sec
    [junit] ------------- Standard Error -----------------
    [junit] Nov 7, 2004 5:17:26 AM uk.ac.starlink.util.Loader warn
    [junit] WARNING: Class no.class.here.mate not found
    [junit] Nov 7, 2004 5:17:27 AM uk.ac.starlink.util.Loader warn
    [junit] WARNING: Class uk.ac.starlink.util.LoaderTest is not a java.lang.Comparable
    [junit] ------------- ---------------- ---------------

    [junit] Testcase: testLoader took 0.635 sec
    [junit] Testcase: testGetClassInstances took 0.004 sec
    [junit] Testsuite: uk.ac.starlink.util.NodeDescendantsTest
    [junit] Tests run: 1, Failures: 0, Errors: 0, Time elapsed: 0.143 sec

    [junit] Testcase: testTraversal took 0.139 sec
    [junit] Testsuite: uk.ac.starlink.util.PipeReaderThreadTest
    [junit] Tests run: 2, Failures: 0, Errors: 0, Time elapsed: 0.066 sec

    [junit] Testcase: testPipe1 took 0.032 sec
    [junit] Testcase: testPipeBlock took 0.031 sec
    [junit] Testsuite: uk.ac.starlink.util.ReaderThreadTest
    [junit] Tests run: 1, Failures: 0, Errors: 0, Time elapsed: 1.024 sec

    [junit] Testcase: testThread took 1.02 sec
    [junit] Testsuite: uk.ac.starlink.util.SourceReaderTest
    [junit] Tests run: 1, Failures: 0, Errors: 0, Time elapsed: 0.705 sec

    [junit] Testcase: testGetDOM took 0.701 sec
    [junit] Testsuite: uk.ac.starlink.util.TestCaseTest
    [junit] Tests run: 3, Failures: 0, Errors: 0, Time elapsed: 0.405 sec

    [junit] Testcase: testFlags took 0.305 sec
    [junit] Testcase: testAssertSource took 0.048 sec
    [junit] Testcase: testValidation took 0.047 sec
    [junit] Testsuite: uk.ac.starlink.util.URLUtilsTest
    [junit] Tests run: 2, Failures: 0, Errors: 0, Time elapsed: 0.016 sec

    [junit] Testcase: testMakeURL took 0.01 sec
    [junit] Testcase: testUrlToUri took 0.002 sec
    [junit] Xlib: connection to "europa:0.0" refused by server
    [junit] Xlib: No protocol specified

    [junit] Testsuite: uk.ac.starlink.util.XMLUtilTest
    [junit] Tests run: 1, Failures: 0, Errors: 1, Time elapsed: 0.839 sec

    [junit] Testcase: testXMLEncodeDecode took 0.832 sec
    [junit] 	Caused an ERROR
    [junit] Can't connect to X11 window server using 'europa:0.0' as the value of the DISPLAY variable.
    [junit] java.lang.InternalError: Can't connect to X11 window server using 'europa:0.0' as the value of the DISPLAY variable.
    [junit] 	at sun.awt.X11GraphicsEnvironment.initDisplay(Native Method)
    [junit] 	at sun.awt.X11GraphicsEnvironment.<clinit>(X11GraphicsEnvironment.java:125)
    [junit] 	at java.lang.Class.forName0(Native Method)
    [junit] 	at java.lang.Class.forName(Class.java:140)
    [junit] 	at java.awt.GraphicsEnvironment.getLocalGraphicsEnvironment(GraphicsEnvironment.java:62)
    [junit] 	at java.awt.Font.initializeFont(Font.java:309)
    [junit] 	at java.awt.Font.<init>(Font.java:345)
    [junit] 	at uk.ac.starlink.util.XMLUtilTest$TestXMLEncodeDecode.<init>(XMLUtilTest.java:55)
    [junit] 	at uk.ac.starlink.util.XMLUtilTest.testXMLEncodeDecode(XMLUtilTest.java:36)
    [junit] 	at sun.reflect.NativeMethodAccessorImpl.invoke0(Native Method)
    [junit] 	at sun.reflect.NativeMethodAccessorImpl.invoke(NativeMethodAccessorImpl.java:39)
    [junit] 	at sun.reflect.DelegatingMethodAccessorImpl.invoke(DelegatingMethodAccessorImpl.java:25)
    [junit] 	at java.lang.reflect.Method.invoke(Method.java:324)
    [junit] 	at junit.framework.TestCase.runTest(TestCase.java:166)
    [junit] 	at junit.framework.TestCase.runBare(TestCase.java:140)
    [junit] 	at junit.framework.TestResult$1.protect(TestResult.java:106)
    [junit] 	at junit.framework.TestResult.runProtected(TestResult.java:124)
    [junit] 	at junit.framework.TestResult.run(TestResult.java:109)
    [junit] 	at junit.framework.TestCase.run(TestCase.java:131)
    [junit] 	at junit.framework.TestSuite.runTest(TestSuite.java:173)
    [junit] 	at junit.framework.TestSuite.run(TestSuite.java:168)
    [junit] 	at org.apache.tools.ant.taskdefs.optional.junit.JUnitTestRunner.run(JUnitTestRunner.java:325)
    [junit] 	at org.apache.tools.ant.taskdefs.optional.junit.JUnitTestRunner.main(JUnitTestRunner.java:536)

    [junit] Testcase: testXMLEncodeDecode

BUILD FAILED
file:/apps/cvsbuild/java/source/util/build.xml:913: Test uk.ac.starlink.util.XMLUtilTest failed

Total time: 24 seconds
